<?xml version="1.0" encoding="UTF-8"?>
<Site BuildName="Linux-clang++-16"
	BuildStamp="20240929-1356-Experimental"
	Name="DESKTOP-PCS7N89"
	Generator="ctest-3.25.1"
	CompilerName="/usr/bin/clang++-16"
	CompilerVersion="16.0.6"
	OSName="Linux"
	Hostname="DESKTOP-PCS7N89"
	OSRelease="5.15.153.1-microsoft-standard-WSL2"
	OSVersion="#1 SMP Fri Mar 29 23:14:13 UTC 2024"
	OSPlatform="x86_64"
	Is64Bits="1"
	VendorString="GenuineIntel"
	VendorID="Intel Corporation"
	FamilyID="6"
	ModelID="165"
	ProcessorCacheSize="12288"
	NumberOfLogicalCPU="12"
	NumberOfPhysicalCPU="6"
	TotalVirtualMemory="2048"
	TotalPhysicalMemory="7837"
	LogicalProcessorsPerPhysical="2"
	ProcessorClockFrequency="2592"
	>
	<Testing>
		<StartDateTime>Sep 29 16:44 CEST</StartDateTime>
		<StartTestTime>1727621051</StartTestTime>
		<TestList/>
		<EndDateTime>Sep 29 16:44 CEST</EndDateTime>
		<EndTestTime>1727621051</EndTestTime>
		<ElapsedMinutes>0</ElapsedMinutes>
	</Testing>
</Site>
